#INFO: **** input file is /home/mbwcl711/dev/thc1006/qvartools/.venv/lib/python3.12/site-packages/cudaq_solvers/bin/cudaq-pyscf ****
#!/usr/bin/env python3

import argparse
import importlib, pkgutil
import cudaq_solvers.tools.molecule.pyscf.generators

from fastapi import FastAPI, Response
from pydantic import BaseModel, PlainValidator, PlainSerializer
import uvicorn, os, signal, importlib, pkgutil
from typing import List, Annotated
import numpy as np


def iter_namespace(ns_pkg):
    return pkgutil.iter_modules(ns_pkg.__path__, ns_pkg.__name__ + ".")


discovered_plugins = {}
for finder, name, ispkg in iter_namespace(
        cudaq_solvers.tools.molecule.pyscf.generators):
    try:
        discovered_plugins[name] = importlib.import_module(name)
    except ModuleNotFoundError:
        pass

hamiltonianGenerators = {
    plugin.get_hamiltonian_generator().name(): plugin
    for _, plugin in discovered_plugins.items()
}

#############################
# Argument Parser
#############################

parser = argparse.ArgumentParser()

parser.add_argument('--server-mode', action='store_true', default=False)

# Add arguments
parser.add_argument(
    '--type',
    type=str,
    help='type of simulation (hamiltonian generator) - options include {}'.
    format([k for k, v in hamiltonianGenerators.items()]),
    default='gas_phase')
parser.add_argument('--xyz', help="xyz file", type=str)
parser.add_argument('--basis', help='', type=str)
parser.add_argument('--charge', help="charge of the system", type=int)
parser.add_argument('--out-file-name',
                    help='base file name for output data.',
                    type=str)
parser.add_argument('--spin', help="no. of unpaired electrons (2 *s)", type=int)
parser.add_argument('--symmetry', help="", action='store_true', default=False)
parser.add_argument('--memory', help="", type=float, default=4000)
parser.add_argument('--cycles', help="", type=int, default=100)
parser.add_argument('--initguess', help="", type=str, default='minao')
parser.add_argument('--UR', help="", action='store_true', default=False)
parser.add_argument('--MP2', help="", action='store_true', default=False)
parser.add_argument('--nele_cas', help="", type=int, default=None)
parser.add_argument('--norb_cas', help="", type=int, default=None)
parser.add_argument('--natorb', help="", action='store_true', default=False)
parser.add_argument('--casci', help="", action='store_true', default=False)
parser.add_argument('--ccsd', help="", action='store_true', default=False)
parser.add_argument('--casscf', help="", action='store_true', default=False)
parser.add_argument('--integrals_natorb',
                    help="",
                    action='store_true',
                    default=False)
parser.add_argument('--integrals_casscf',
                    help="",
                    action='store_true',
                    default=False)
parser.add_argument('--potfile', help="", type=str, default=None)
parser.add_argument('--verbose',
                    help="Verbose printout",
                    action='store_true',
                    default=False)

# Parse the arguments
args = parser.parse_args()

if not args.server_mode:

    if args.type not in hamiltonianGenerators:
        raise RuntimeError(f'invalid hamiltonian generator type - {args.type}')
    hamiltonianGenerator = hamiltonianGenerators[
        args.type].get_hamiltonian_generator()

    filterArgs = ['xyz', 'basis']
    filteredArgs = {
        k: v for (k, v) in vars(args).items() if k not in filterArgs
    }
    res = hamiltonianGenerator.generate(args.xyz, args.basis, **filteredArgs)
    print(res)

    exit(0)

app = FastAPI()


@app.get("/shutdown")
async def shutdown():
    os.kill(os.getpid(), signal.SIGTERM)
    return Response(status_code=200, content='Server shutting down...')


class IntegralsData(BaseModel):
    data: List[List]


class MoleculeInput(BaseModel):
    basis: str
    xyz: str
    spin: int
    charge: int
    type: str = 'gas_phase'
    symmetry: bool = False
    cycles: int = 100
    memory: float = 4000.
    initguess: str = 'minao'
    UR: bool = False
    MP2: bool = False
    natorb: bool = False
    casci: bool = False
    ccsd: bool = False
    casscf: bool = False
    integrals_natorb: bool = False
    integrals_casscf: bool = False
    verbose: bool = False
    nele_cas: int = None
    norb_cas: int = None
    potfile: str = None


class Molecule(BaseModel):
    energies: dict
    num_orbitals: int
    num_electrons: int
    hpq: IntegralsData
    hpqrs: IntegralsData


@app.get("/status")
async def get_status():
    return {"status": "available"}


@app.post("/create_molecule")
async def create_molecule(molecule: MoleculeInput):
    hamiltonianGenerator = hamiltonianGenerators[
        molecule.type].get_hamiltonian_generator()

    filterArgs = ['xyz', 'basis']
    filteredArgs = {
        k: v for (k, v) in vars(molecule).items() if k not in filterArgs
    }
    filteredArgs['cache_data'] = False
    res = hamiltonianGenerator.generate(molecule.xyz, molecule.basis,
                                        **filteredArgs)
    return Molecule(energies=res['energies'],
                    num_orbitals=res['num_orbitals'],
                    num_electrons=res['num_electrons'],
                    hpq=IntegralsData(data=res['hpq']['data']),
                    hpqrs=IntegralsData(data=res['hpqrs']['data']))


if __name__ == "__main__":
    uvicorn.run(app, host="0.0.0.0", port=8000, log_level='critical')
#INFO: ******************** input file end ********************


System: uname_result(system='Linux', node='dgx-spark', release='6.14.0-1015-nvidia', version='#15-Ubuntu SMP PREEMPT_DYNAMIC Tue Nov 25 18:02:16 UTC 2025', machine='aarch64')  Threads 20
Python 3.12.3 (main, Mar  3 2026, 12:15:18) [GCC 13.3.0]
numpy 2.4.3  scipy 1.17.1  h5py 3.16.0
Date: Mon Mar 30 06:47:36 2026
PySCF version 2.12.1
PySCF path  /home/mbwcl711/dev/thc1006/qvartools/.venv/lib/python3.12/site-packages/pyscf

[CONFIG] conf_file None
[INPUT] verbose = 4
[INPUT] num. atoms = 2
[INPUT] num. electrons = 4
[INPUT] charge = 0
[INPUT] spin (= nelec alpha-beta = 2S) = 0
[INPUT] symmetry False subgroup None
[INPUT] Mole.unit = angstrom
[INPUT] Symbol           X                Y                Z      unit          X                Y                Z       unit  Magmom
[INPUT]  1 Li     0.000000000000   0.000000000000   0.000000000000 AA    0.000000000000   0.000000000000   0.000000000000 Bohr   0.0
[INPUT]  2 H      0.000000000000   0.000000000000   1.600000000000 AA    0.000000000000   0.000000000000   3.023561799304 Bohr   0.0

nuclear repulsion = 0.992207270475
number of shells = 4
number of NR pGTOs = 18
number of NR cGTOs = 6
basis = sto-3g
ecp = {}
CPU time:         4.40


******** <class 'pyscf.scf.hf.RHF'> ********
method = RHF
initial guess = minao
damping factor = 0
level_shift factor = 0
DIIS = <class 'pyscf.scf.diis.CDIIS'>
diis_start_cycle = 1
diis_space = 8
diis_damp = 0
SCF conv_tol = 1e-09
SCF conv_tol_grad = None
SCF max_cycles = 100
direct_scf = True
direct_scf_tol = 1e-13
chkfile to save SCF result = Li 0-pyscf.chk
max_memory 4000 MB (current use 775 MB)
Set gradient conv threshold to 3.16228e-05
Initial guess from minao.
init E= -7.59823111821383
  HOMO = -0.274591577062513  LUMO = 0.0284774167897982
cycle= 1 E= -7.85334746209926  delta_E= -0.255  |g|= 0.104  |ddm|= 1.09
  HOMO = -0.27315693367385  LUMO = 0.0748655545640807
cycle= 2 E= -7.86099720554801  delta_E= -0.00765  |g|= 0.0211  |ddm|= 0.24
  HOMO = -0.288987574586479  LUMO = 0.0786070748529043
cycle= 3 E= -7.86170129380504  delta_E= -0.000704  |g|= 0.00782  |ddm|= 0.0668
  HOMO = -0.285244521374334  LUMO = 0.0783107889934357
cycle= 4 E= -7.86186449142245  delta_E= -0.000163  |g|= 0.000393  |ddm|= 0.0497
  HOMO = -0.285274419317356  LUMO = 0.0782048566554795
cycle= 5 E= -7.8618647677459  delta_E= -2.76e-07  |g|= 4.05e-05  |ddm|= 0.00221
  HOMO = -0.285271009189207  LUMO = 0.0782162404234654
cycle= 6 E= -7.86186476980698  delta_E= -2.06e-09  |g|= 7.81e-07  |ddm|= 0.000164
  HOMO = -0.285270735678198  LUMO = 0.0782165882793947
cycle= 7 E= -7.86186476980865  delta_E= -1.67e-12  |g|= 9.37e-08  |ddm|= 5.6e-06
  HOMO = -0.285270771201433  LUMO = 0.0782165659387216
Extra cycle  E= -7.86186476980866  delta_E= -1.24e-14  |g|= 2.55e-08  |ddm|= 2.66e-07
converged SCF energy = -7.86186476980866

******** <class 'pyscf.mcscf.casci.CASCI'> ********
CAS (1e+1e, 5o), ncore = 1, nvir = 0
natorb = False
canonicalization = True
sorting_mo_energy = False
max_memory 4000 MB (current use 775 MB)
******** <class 'pyscf.fci.direct_spin1.FCISolver'> ********
max. cycles = 200
conv_tol = 1e-08
davidson only = False
linear dependence = 1e-12
level shift = 0.001
max iter space = 12
max_memory 4000 MB
nroots = 1
pspace_size = 400
spin = None
Density matrix diagonal elements [1.95153968e+00 1.24028483e-02 1.48779323e-03 1.48779323e-03
 3.30818858e-02]
CASCI converged
CASCI E = -7.88209659992116  E(CI) = -1.07808430161910  S^2 = 0.0000000
